  Appearance.cpp
  Application.cpp
F:\GitHub\Further-Games-Graphics-2\Application.cpp(704,31): warning C4244: '=': conversion from 'ULONGLONG' to 'DWORD', possible loss of data
F:\GitHub\Further-Games-Graphics-2\Application.cpp(707,18): warning C4244: 'initializing': conversion from 'ULONGLONG' to 'float', possible loss of data
  Camera.cpp
  DDSTextureLoader.cpp
  Debugger.cpp
  imgui.cpp
  imgui_demo.cpp
  imgui_draw.cpp
  imgui_impl_dx11.cpp
  imgui_impl_win32.cpp
  imgui_widgets.cpp
  GameObject.cpp
  Main.cpp
  OBJLoader.cpp
  Particle.cpp
  ParticleManager.cpp
  ParticleSystem.cpp
F:\GitHub\Further-Games-Graphics-2\ParticleSystem.cpp(52,25): warning C4018: '>=': signed/unsigned mismatch
  PhysicsModel.cpp
  TerrainGenerator.cpp
F:\GitHub\Further-Games-Graphics-2\TerrainGenerator.cpp(100,30): warning C4244: 'argument': conversion from 'int' to '_Ty', possible loss of data
          with
          [
              _Ty=WORD
          ]
F:\GitHub\Further-Games-Graphics-2\TerrainGenerator.cpp(101,34): warning C4244: 'argument': conversion from 'int' to '_Ty', possible loss of data
          with
          [
              _Ty=WORD
          ]
F:\GitHub\Further-Games-Graphics-2\TerrainGenerator.cpp(102,36): warning C4244: 'argument': conversion from 'int' to '_Ty', possible loss of data
          with
          [
              _Ty=WORD
          ]
F:\GitHub\Further-Games-Graphics-2\TerrainGenerator.cpp(105,36): warning C4244: 'argument': conversion from 'int' to '_Ty', possible loss of data
          with
          [
              _Ty=WORD
          ]
F:\GitHub\Further-Games-Graphics-2\TerrainGenerator.cpp(106,34): warning C4244: 'argument': conversion from 'int' to '_Ty', possible loss of data
          with
          [
              _Ty=WORD
          ]
F:\GitHub\Further-Games-Graphics-2\TerrainGenerator.cpp(107,40): warning C4244: 'argument': conversion from 'int' to '_Ty', possible loss of data
          with
          [
              _Ty=WORD
          ]
  Timer.cpp
  Generating Code...
  Compiling...
  Vector3D.cpp
F:\GitHub\Further-Games-Graphics-2\Vector3D.cpp(136,12): warning C4458: declaration of 'x' hides class member
F:\GitHub\Further-Games-Graphics-2\Vector3D.h(12,11): message : see declaration of 'Vector3D::x'
F:\GitHub\Further-Games-Graphics-2\Vector3D.cpp(136,15): warning C4458: declaration of 'y' hides class member
F:\GitHub\Further-Games-Graphics-2\Vector3D.h(12,14): message : see declaration of 'Vector3D::y'
F:\GitHub\Further-Games-Graphics-2\Vector3D.cpp(136,18): warning C4458: declaration of 'z' hides class member
F:\GitHub\Further-Games-Graphics-2\Vector3D.h(12,17): message : see declaration of 'Vector3D::z'
  Generating Code...
F:\GitHub\Further-Games-Graphics-2\Vector3D.cpp(137): warning C4700: uninitialized local variable 'x' used
F:\GitHub\Further-Games-Graphics-2\Vector3D.cpp(138): warning C4700: uninitialized local variable 'y' used
F:\GitHub\Further-Games-Graphics-2\Vector3D.cpp(139): warning C4700: uninitialized local variable 'z' used
Appearance.obj : warning LNK4075: ignoring '/EDITANDCONTINUE' due to '/SAFESEH' specification
  DX11 Framework.vcxproj -> F:\GitHub\Further-Games-Graphics-2\Debug\DX11 Framework.exe
